2025-06-01T23:33:08.658+03:00  INFO 15012 --- [BoU] [main] org.site.BoU.BoUApplication              : Starting BoUApplication using Java 22.0.1 with PID 15012 (E:\!Site-VKR\SITE\BoU\target\classes started by 10047 in E:\!Site-VKR\SITE\BoU)
2025-06-01T23:33:08.678+03:00  INFO 15012 --- [BoU] [main] org.site.BoU.BoUApplication              : No active profile set, falling back to 1 default profile: "default"
2025-06-01T23:33:09.916+03:00  INFO 15012 --- [BoU] [main] .s.d.r.c.RepositoryConfigurationDelegate : Bootstrapping Spring Data JPA repositories in DEFAULT mode.
2025-06-01T23:33:09.997+03:00  INFO 15012 --- [BoU] [main] .s.d.r.c.RepositoryConfigurationDelegate : Finished Spring Data repository scanning in 71 ms. Found 7 JPA repository interfaces.
2025-06-01T23:33:10.894+03:00  INFO 15012 --- [BoU] [main] o.s.b.w.embedded.tomcat.TomcatWebServer  : Tomcat initialized with port 8080 (http)
2025-06-01T23:33:10.918+03:00  INFO 15012 --- [BoU] [main] o.apache.catalina.core.StandardService   : Starting service [Tomcat]
2025-06-01T23:33:10.919+03:00  INFO 15012 --- [BoU] [main] o.apache.catalina.core.StandardEngine    : Starting Servlet engine: [Apache Tomcat/10.1.30]
2025-06-01T23:33:11.135+03:00  INFO 15012 --- [BoU] [main] o.a.c.c.C.[Tomcat].[localhost].[/]       : Initializing Spring embedded WebApplicationContext
2025-06-01T23:33:11.136+03:00  INFO 15012 --- [BoU] [main] w.s.c.ServletWebServerApplicationContext : Root WebApplicationContext: initialization completed in 2376 ms
2025-06-01T23:33:11.449+03:00  INFO 15012 --- [BoU] [main] o.hibernate.jpa.internal.util.LogHelper  : HHH000204: Processing PersistenceUnitInfo [name: default]
2025-06-01T23:33:11.626+03:00  INFO 15012 --- [BoU] [main] org.hibernate.Version                    : HHH000412: Hibernate ORM core version 6.5.3.Final
2025-06-01T23:33:11.688+03:00  INFO 15012 --- [BoU] [main] o.h.c.internal.RegionFactoryInitiator    : HHH000026: Second-level cache disabled
2025-06-01T23:33:12.192+03:00  INFO 15012 --- [BoU] [main] o.s.o.j.p.SpringPersistenceUnitInfo      : No LoadTimeWeaver setup: ignoring JPA class transformer
2025-06-01T23:33:12.242+03:00  INFO 15012 --- [BoU] [main] com.zaxxer.hikari.HikariDataSource       : HikariPool-1 - Starting...
2025-06-01T23:33:12.539+03:00  INFO 15012 --- [BoU] [main] com.zaxxer.hikari.pool.HikariPool        : HikariPool-1 - Added connection org.postgresql.jdbc.PgConnection@71b0289b
2025-06-01T23:33:12.540+03:00  INFO 15012 --- [BoU] [main] com.zaxxer.hikari.HikariDataSource       : HikariPool-1 - Start completed.
2025-06-01T23:33:12.638+03:00  WARN 15012 --- [BoU] [main] org.hibernate.orm.deprecation            : HHH90000025: PostgreSQLDialect does not need to be specified explicitly using 'hibernate.dialect' (remove the property setting and it will be selected by default)
2025-06-01T23:33:13.782+03:00  INFO 15012 --- [BoU] [main] o.h.e.t.j.p.i.JtaPlatformInitiator       : HHH000489: No JTA platform available (set 'hibernate.transaction.jta.platform' to enable JTA platform integration)
2025-06-01T23:33:13.845+03:00  INFO 15012 --- [BoU] [main] j.LocalContainerEntityManagerFactoryBean : Initialized JPA EntityManagerFactory for persistence unit 'default'
2025-06-01T23:33:14.319+03:00  INFO 15012 --- [BoU] [main] o.s.d.j.r.query.QueryEnhancerFactory     : Hibernate is in classpath; If applicable, HQL parser will be used.
2025-06-01T23:33:14.986+03:00  WARN 15012 --- [BoU] [main] JpaBaseConfiguration$JpaWebConfiguration : spring.jpa.open-in-view is enabled by default. Therefore, database queries may be performed during view rendering. Explicitly configure spring.jpa.open-in-view to disable this warning
2025-06-01T23:33:15.071+03:00  INFO 15012 --- [BoU] [main] eAuthenticationProviderManagerConfigurer : Global AuthenticationManager configured with AuthenticationProvider bean with name authenticationProvider
2025-06-01T23:33:15.073+03:00  WARN 15012 --- [BoU] [main] r$InitializeUserDetailsManagerConfigurer : Global AuthenticationManager configured with an AuthenticationProvider bean. UserDetailsService beans will not be used for username/password login. Consider removing the AuthenticationProvider bean. Alternatively, consider using the UserDetailsService in a manually instantiated DaoAuthenticationProvider.
2025-06-01T23:33:15.605+03:00 DEBUG 15012 --- [BoU] [main] edFilterInvocationSecurityMetadataSource : Adding web access control expression [permitAll] for ExactUrl [processUrl='/signIn?error']
2025-06-01T23:33:15.633+03:00 DEBUG 15012 --- [BoU] [main] edFilterInvocationSecurityMetadataSource : Adding web access control expression [permitAll] for ExactUrl [processUrl='/signIn']
2025-06-01T23:33:15.633+03:00 DEBUG 15012 --- [BoU] [main] edFilterInvocationSecurityMetadataSource : Adding web access control expression [permitAll] for ExactUrl [processUrl='/signIn']
2025-06-01T23:33:15.634+03:00 DEBUG 15012 --- [BoU] [main] edFilterInvocationSecurityMetadataSource : Adding web access control expression [permitAll] for Or [Ant [pattern='/logout', GET], Ant [pattern='/logout', POST], Ant [pattern='/logout', PUT], Ant [pattern='/logout', DELETE]]
2025-06-01T23:33:15.634+03:00 DEBUG 15012 --- [BoU] [main] edFilterInvocationSecurityMetadataSource : Adding web access control expression [permitAll] for ExactUrl [processUrl='/home']
2025-06-01T23:33:15.634+03:00 DEBUG 15012 --- [BoU] [main] edFilterInvocationSecurityMetadataSource : Adding web access control expression [permitAll] for Deferred [Mvc [pattern='/home'], Ant [pattern='/home']]
2025-06-01T23:33:15.634+03:00 DEBUG 15012 --- [BoU] [main] edFilterInvocationSecurityMetadataSource : Adding web access control expression [permitAll] for Deferred [Mvc [pattern='/register'], Ant [pattern='/register']]
2025-06-01T23:33:15.634+03:00 DEBUG 15012 --- [BoU] [main] edFilterInvocationSecurityMetadataSource : Adding web access control expression [permitAll] for Deferred [Mvc [pattern='/signIn'], Ant [pattern='/signIn']]
2025-06-01T23:33:15.634+03:00 DEBUG 15012 --- [BoU] [main] edFilterInvocationSecurityMetadataSource : Adding web access control expression [permitAll] for Deferred [Mvc [pattern='/clients/signIn'], Ant [pattern='/clients/signIn']]
2025-06-01T23:33:15.634+03:00 DEBUG 15012 --- [BoU] [main] edFilterInvocationSecurityMetadataSource : Adding web access control expression [permitAll] for Deferred [Mvc [pattern='/clients/register'], Ant [pattern='/clients/register']]
2025-06-01T23:33:15.635+03:00 DEBUG 15012 --- [BoU] [main] edFilterInvocationSecurityMetadataSource : Adding web access control expression [permitAll] for Deferred [Mvc [pattern='/'], Ant [pattern='/']]
2025-06-01T23:33:15.635+03:00 DEBUG 15012 --- [BoU] [main] edFilterInvocationSecurityMetadataSource : Adding web access control expression [permitAll] for Deferred [Mvc [pattern='/style/**'], Ant [pattern='/style/**']]
2025-06-01T23:33:15.635+03:00 DEBUG 15012 --- [BoU] [main] edFilterInvocationSecurityMetadataSource : Adding web access control expression [permitAll] for Deferred [Mvc [pattern='/favicon.ico'], Ant [pattern='/favicon.ico']]
2025-06-01T23:33:15.635+03:00 DEBUG 15012 --- [BoU] [main] edFilterInvocationSecurityMetadataSource : Adding web access control expression [permitAll] for Deferred [Mvc [pattern='/error'], Ant [pattern='/error']]
2025-06-01T23:33:15.635+03:00 DEBUG 15012 --- [BoU] [main] edFilterInvocationSecurityMetadataSource : Adding web access control expression [permitAll] for Deferred [Mvc [pattern='/allDeposits'], Ant [pattern='/allDeposits']]
2025-06-01T23:33:15.635+03:00 DEBUG 15012 --- [BoU] [main] edFilterInvocationSecurityMetadataSource : Adding web access control expression [permitAll] for Deferred [Mvc [pattern='/cards'], Ant [pattern='/cards']]
2025-06-01T23:33:15.635+03:00 DEBUG 15012 --- [BoU] [main] edFilterInvocationSecurityMetadataSource : Adding web access control expression [permitAll] for Deferred [Mvc [pattern='/aboutBank'], Ant [pattern='/aboutBank']]
2025-06-01T23:33:15.636+03:00 DEBUG 15012 --- [BoU] [main] edFilterInvocationSecurityMetadataSource : Adding web access control expression [permitAll] for Deferred [Mvc [pattern='/icons/**'], Ant [pattern='/icons/**']]
2025-06-01T23:33:15.636+03:00 DEBUG 15012 --- [BoU] [main] edFilterInvocationSecurityMetadataSource : Adding web access control expression [permitAll] for Deferred [Mvc [pattern='/js/**'], Ant [pattern='/js/**']]
2025-06-01T23:33:15.636+03:00 DEBUG 15012 --- [BoU] [main] edFilterInvocationSecurityMetadataSource : Adding web access control expression [hasRole('ROLE_ADMIN')] for Deferred [Mvc [pattern='/admin/**'], Ant [pattern='/admin/**']]
2025-06-01T23:33:15.637+03:00 DEBUG 15012 --- [BoU] [main] edFilterInvocationSecurityMetadataSource : Adding web access control expression [hasAnyRole('ROLE_USER','ROLE_ADMIN')] for Deferred [Mvc [pattern='/user/** , /account/**'], Ant [pattern='/user/** , /account/**']]
2025-06-01T23:33:15.638+03:00 DEBUG 15012 --- [BoU] [main] edFilterInvocationSecurityMetadataSource : Adding web access control expression [authenticated] for any request
2025-06-01T23:33:15.650+03:00 DEBUG 15012 --- [BoU] [main] o.s.s.web.DefaultSecurityFilterChain     : Will secure any request with filters: DisableEncodeUrlFilter, WebAsyncManagerIntegrationFilter, SecurityContextHolderFilter, HeaderWriterFilter, LogoutFilter, UsernamePasswordAuthenticationFilter, ConcurrentSessionFilter, RequestCacheAwareFilter, SecurityContextHolderAwareRequestFilter, AnonymousAuthenticationFilter, SessionManagementFilter, ExceptionTranslationFilter, FilterSecurityInterceptor
2025-06-01T23:33:16.089+03:00  INFO 15012 --- [BoU] [main] o.s.b.w.embedded.tomcat.TomcatWebServer  : Tomcat started on port 8080 (http) with context path '/'
2025-06-01T23:33:16.106+03:00  INFO 15012 --- [BoU] [main] org.site.BoU.BoUApplication              : Started BoUApplication in 8.187 seconds (process running for 9.581)
2025-06-01T23:33:25.982+03:00  INFO 15012 --- [BoU] [SpringApplicationShutdownHook] j.LocalContainerEntityManagerFactoryBean : Closing JPA EntityManagerFactory for persistence unit 'default'
2025-06-01T23:33:25.984+03:00  INFO 15012 --- [BoU] [SpringApplicationShutdownHook] com.zaxxer.hikari.HikariDataSource       : HikariPool-1 - Shutdown initiated...
2025-06-01T23:33:25.986+03:00  INFO 15012 --- [BoU] [SpringApplicationShutdownHook] com.zaxxer.hikari.HikariDataSource       : HikariPool-1 - Shutdown completed.
